🚀 Starting Quality Improvement Script...
==================================================
🔧 Improving TypeScript coverage...
  ✅ Improved types in: src/agents/AdvancedPolicyAgent.ts
  ✅ Improved types in: src/agents/AuditAgent.ts
  ✅ Improved types in: src/agents/AuditPreparationAgent.ts
  ✅ Improved types in: src/agents/AutomatedAuditAgent.ts
  ✅ Improved types in: src/agents/BaseAgent.ts
  ✅ Improved types in: src/agents/ComplianceAgent.ts
  ✅ Improved types in: src/agents/ComplianceMonitoringAgent.ts
  ✅ Improved types in: src/agents/DocumentationAgent.ts
  ✅ Improved types in: src/agents/ISO27001Agent.ts
  ✅ Improved types in: src/agents/IncidentAgent.ts
  ✅ Improved types in: src/agents/IntelligentRiskAgent.ts
  ✅ Improved types in: src/agents/MonitoringAgent.ts
  ✅ Improved types in: src/agents/MonitoringAlertingSystem.ts
  ✅ Improved types in: src/agents/PCIDSSAgent.ts
  ✅ Improved types in: src/agents/PolicyAgent.ts
  ✅ Improved types in: src/agents/PredictiveThreatAgent.ts
  ✅ Improved types in: src/agents/RiskAgent.ts
  ✅ Improved types in: src/agents/SOC2ComplianceAgent.ts
  ✅ Improved types in: src/agents/SecurityImplementationAgent.ts
  ✅ Improved types in: src/agents/TrustCenterAgent.ts
  ✅ Improved types in: src/agents/VendorRiskAgent.ts
  ✅ Improved types in: src/agents/evaluation/ComplianceValidationAgent.ts
  ✅ Improved types in: src/agents/evaluation/ImplementationStatusAgent.ts
  ✅ Improved types in: src/agents/evaluation/IntegrationTestingAgent.ts
  ✅ Improved types in: src/agents/evaluation/QualityAssuranceAgent.ts
  ✅ Improved types in: src/app/about/page.tsx
  ✅ Improved types in: src/app/ai-demo/enhanced-page.tsx
  ✅ Improved types in: src/app/ai-demo/page.tsx
  ✅ Improved types in: src/app/api/carriers/[carrierId]/status/route.ts
🎯 TypeScript improvements: 29 files enhanced
📦 Fixing dependency management...
  ✅ Added dependency: typescript
  ✅ Added script: test
  ✅ Added script: test:watch
  ✅ Added script: type-check
📦 Package.json updated
🔒 Improving security measures...
  ✅ Enhanced security in: src/agents/AdvancedPolicyAgent.ts
  ✅ Enhanced security in: src/agents/AuditPreparationAgent.ts
  ✅ Enhanced security in: src/agents/AutomatedAuditAgent.ts
  ✅ Enhanced security in: src/agents/ComplianceMonitoringAgent.ts
  ✅ Enhanced security in: src/agents/DocumentationAgent.ts
  ✅ Enhanced security in: src/agents/ISO27001Agent.ts
  ✅ Enhanced security in: src/agents/IncidentAgent.ts
  ✅ Enhanced security in: src/agents/IntelligentRiskAgent.ts
  ✅ Enhanced security in: src/agents/MonitoringAgent.ts
  ✅ Enhanced security in: src/agents/MonitoringAlertingSystem.ts
  ✅ Enhanced security in: src/agents/PCIDSSAgent.ts
  ✅ Enhanced security in: src/agents/SOC2ComplianceAgent.ts
  ✅ Enhanced security in: src/agents/SecurityImplementationAgent.ts
  ✅ Enhanced security in: src/agents/TrustCenterAgent.ts
  ✅ Enhanced security in: src/agents/VendorRiskAgent.ts
  ✅ Enhanced security in: src/agents/evaluation/ComplianceValidationAgent.ts
  ✅ Enhanced security in: src/agents/evaluation/ImplementationStatusAgent.ts
  ✅ Enhanced security in: src/agents/evaluation/IntegrationTestingAgent.ts
🔒 Security improvements: 18 files enhanced
⚡ Improving async/await usage...
⚡ Async improvements: 0 files enhanced
==================================================
✅ Quality improvement script completed!
📊 Total improvements applied across multiple categories